<?xml version="1.0" encoding="UTF-8"?>
<testng-results skipped="0" failed="0" ignored="0" total="1" passed="1">
  <reporter-output>
  </reporter-output>
  <suite name="Default suite" duration-ms="17753" started-at="2020-05-13T15:50:09Z" finished-at="2020-05-13T15:50:26Z">
    <groups>
    </groups>
    <test name="Default test" duration-ms="17753" started-at="2020-05-13T15:50:09Z" finished-at="2020-05-13T15:50:26Z">
      <class name="pageObjectModelPractice.NewTest">
        <test-method status="PASS" signature="beforeMethod()[pri:0, instance:pageObjectModelPractice.NewTest@c038203]" name="beforeMethod" is-config="true" duration-ms="15283" started-at="2020-05-13T15:50:09Z" finished-at="2020-05-13T15:50:24Z">
          <reporter-output>
          </reporter-output>
        </test-method> <!-- beforeMethod -->
        <test-method status="PASS" signature="f()[pri:0, instance:pageObjectModelPractice.NewTest@c038203]" name="f" duration-ms="1641" started-at="2020-05-13T15:50:24Z" finished-at="2020-05-13T15:50:26Z">
          <reporter-output>
          </reporter-output>
        </test-method> <!-- f -->
        <test-method status="PASS" signature="afterMethod()[pri:0, instance:pageObjectModelPractice.NewTest@c038203]" name="afterMethod" is-config="true" duration-ms="787" started-at="2020-05-13T15:50:26Z" finished-at="2020-05-13T15:50:26Z">
          <reporter-output>
          </reporter-output>
        </test-method> <!-- afterMethod -->
      </class> <!-- pageObjectModelPractice.NewTest -->
    </test> <!-- Default test -->
  </suite> <!-- Default suite -->
</testng-results>
